<?xml version="1.0" encoding="UTF-8"?>
<!-- Generated by org.testng.reporters.JUnitXMLReporter -->
<testsuite ignored="0" hostname="ahnaf-linux" failures="0" tests="3" name="Default test" time="47.073" errors="0" timestamp="2024-09-21T22:44:50 EDT">
  <testcase classname="com.testng.LumaLogin" name="getLogin" time="16.687"/>
  <testcase classname="com.testng.LumaLogin" name="getLogin" time="15.442"/>
  <testcase classname="com.testng.LumaLogin" name="getLogin" time="14.785"/>
</testsuite> <!-- Default test -->
