<?xml version="1.0" encoding="UTF-8"?>
<!-- Generated by org.testng.reporters.JUnitXMLReporter -->
<testsuite ignored="0" hostname="ahnaf-linux" failures="0" tests="3" name="Test" time="67.68" errors="0" timestamp="2024-09-22T15:03:18 EDT">
  <testcase classname="com.testng.LumaGear" name="getGear" time="48.822"/>
  <testcase classname="com.testng.LumaLogin" name="getLogin" time="66.475"/>
  <testcase classname="com.testng.LumaMensJackets" name="getLumaMensJackets" time="67.553"/>
</testsuite> <!-- Test -->
