<?xml version="1.0" encoding="UTF-8"?>
<testng-results ignored="0" total="1" passed="1" failed="0" skipped="0">
  <reporter-output>
  </reporter-output>
  <suite started-at="2024-09-25T20:41:01 EDT" name="Default suite" finished-at="2024-09-25T20:42:25 EDT" duration-ms="83502">
    <groups>
    </groups>
    <test started-at="2024-09-25T20:41:01 EDT" name="Default test" finished-at="2024-09-25T20:42:25 EDT" duration-ms="83502">
      <class name="com.testng.LumaMensJackets">
        <test-method signature="getLumaMensJackets()[pri:0, instance:com.testng.LumaMensJackets@6c7a164b]" started-at="2024-09-25T20:41:01 EDT" name="getLumaMensJackets" finished-at="2024-09-25T20:42:24 EDT" duration-ms="83000" status="PASS">
          <reporter-output>
          </reporter-output>
        </test-method> <!-- getLumaMensJackets -->
      </class> <!-- com.testng.LumaMensJackets -->
    </test> <!-- Default test -->
  </suite> <!-- Default suite -->
</testng-results>
