<?xml version="1.0" encoding="UTF-8"?>
<testng-results ignored="0" total="3" passed="3" failed="0" skipped="0">
  <reporter-output>
  </reporter-output>
  <suite started-at="2024-09-22T15:02:10 EDT" name="Suite" finished-at="2024-09-22T15:03:18 EDT" duration-ms="67680">
    <groups>
    </groups>
    <test started-at="2024-09-22T15:02:10 EDT" name="Test" finished-at="2024-09-22T15:03:18 EDT" duration-ms="67680">
      <class name="com.testng.LumaGear">
        <test-method signature="getGear()[pri:0, instance:com.testng.LumaGear@7d7758be]" started-at="2024-09-22T15:02:10 EDT" name="getGear" finished-at="2024-09-22T15:02:59 EDT" duration-ms="48822" status="PASS">
          <reporter-output>
          </reporter-output>
        </test-method> <!-- getGear -->
      </class> <!-- com.testng.LumaGear -->
      <class name="com.testng.LumaMensJackets">
        <test-method signature="getLumaMensJackets()[pri:0, instance:com.testng.LumaMensJackets@74287ea3]" started-at="2024-09-22T15:02:10 EDT" name="getLumaMensJackets" finished-at="2024-09-22T15:03:18 EDT" duration-ms="67553" status="PASS">
          <reporter-output>
          </reporter-output>
        </test-method> <!-- getLumaMensJackets -->
      </class> <!-- com.testng.LumaMensJackets -->
      <class name="com.testng.LumaLogin">
        <test-method signature="getLogin()[pri:0, instance:com.testng.LumaLogin@7068e664]" started-at="2024-09-22T15:02:10 EDT" name="getLogin" finished-at="2024-09-22T15:03:16 EDT" duration-ms="66475" status="PASS">
          <reporter-output>
          </reporter-output>
        </test-method> <!-- getLogin -->
      </class> <!-- com.testng.LumaLogin -->
    </test> <!-- Test -->
  </suite> <!-- Suite -->
</testng-results>
